<?xml version="1.0" encoding="utf-8"?><testsuites><testsuite errors="0" failures="0" hostname="steven-manjaro" name="pytest" skipped="0" tests="2" time="1.916" timestamp="2021-02-18T15:39:03.857505"><testcase classname="healvis.tests.test_beam_model" file="healvis/tests/test_beam_model.py" line="15" name="test_PowerBeam" time="1.444"></testcase><testcase classname="healvis.tests.test_beam_model" file="healvis/tests/test_beam_model.py" line="53" name="test_AnalyticBeam" time="0.002"></testcase></testsuite></testsuites>
